<?xml version="1.0" encoding="UTF-8"?>
<!-- Generated by org.testng.reporters.JUnitReportReporter -->
<testsuite hostname="Lenovo-PC" name="Groups.test.TestA1" tests="1" failures="0" timestamp="8 Aug 2015 06:36:12 GMT" time="0.001" errors="0">
  <testcase name="Login2Test" time="0.001" classname="Groups.test.TestA1"/>
</testsuite>
