<?xml version="1.0" encoding="UTF-8"?>
<!-- Generated by org.testng.reporters.JUnitReportReporter -->
<testsuite hostname="Lenovo-PC" name="Groups.test.TestA2$TestGroup" tests="5" failures="0" timestamp="8 Aug 2015 12:08:54 GMT" time="0.000" errors="0">
  <testcase name="runSelenium" time="0.000" classname="Groups.test.TestA2$TestGroup"/>
  <testcase name="testConnectOracle" time="0.000" classname="Groups.test.TestA2$TestGroup"/>
  <testcase name="runSelenium1" time="0.000" classname="Groups.test.TestA2$TestGroup"/>
  <testcase name="testConnectMsSQL" time="0.000" classname="Groups.test.TestA2$TestGroup"/>
  <testcase name="runFinal" time="0.000" classname="Groups.test.TestA2$TestGroup"/>
</testsuite> <!-- Groups.test.TestA2$TestGroup -->
